Manual retry started: Wed Jun  3 20:12:45 UTC 2026
=== SCOPE: grade1_life_skills_en START Wed Jun  3 20:12:45 UTC 2026 ===
Scope build: grade1_life_skills_en
  generation_ready: True
  item counts: {'1.LS.1.1': 40, '1.LS.1.2': 40, '1.LS.1.3': 40, '1.LS.1.4': 40, '1.LS.2.1': 40, '1.LS.2.2': 40, '1.LS.2.3': 40, '1.LS.2.4': 40, '1.LS.3.1': 40, '1.LS.3.2': 40, '1.LS.3.3': 40, '1.LS.3.4': 40, '1.LS.4.1': 40, '1.LS.4.2': 40, '1.LS.4.3': 40, '1.LS.4.4': 40}
  lesson counts: {'1.LS.1.1': 8, '1.LS.1.2': 8, '1.LS.1.3': 8, '1.LS.1.4': 8, '1.LS.2.1': 8, '1.LS.2.2': 8, '1.LS.2.3': 8, '1.LS.2.4': 8, '1.LS.3.1': 8, '1.LS.3.2': 8, '1.LS.3.3': 8, '1.LS.3.4': 8, '1.LS.4.1': 8, '1.LS.4.2': 8, '1.LS.4.3': 8, '1.LS.4.4': 8}
  output files: {'diagnostic_items': 'data/generated/items/grade1_life_skills_en_item_bank.json', 'lessons': 'data/generated/lessons/grade1_life_skills_en_lessons.json', 'assessment_blueprints': 'data/generated/assessment_blueprints/grade1_life_skills_en_blueprints.json', 'study_plan_templates': 'data/generated/study_plans/grade1_life_skills_en_templates.json', 'run_manifest': 'data/generated/run_manifests/grade1_life_skills_en_6f92766e-2212-421e-addc-71fa0dd90687.json'}
=== SCOPE: grade1_life_skills_en EXIT 0 END Wed Jun  3 20:12:48 UTC 2026 ===
=== SCOPE: grade2_life_skills_en START Wed Jun  3 20:12:48 UTC 2026 ===
Scope build: grade2_life_skills_en
  generation_ready: True
  item counts: {'2.LS.1.1': 40, '2.LS.1.2': 40, '2.LS.1.3': 40, '2.LS.1.4': 40, '2.LS.2.1': 40, '2.LS.2.2': 40, '2.LS.2.3': 40, '2.LS.2.4': 40, '2.LS.3.1': 40, '2.LS.3.2': 40, '2.LS.3.3': 40, '2.LS.3.4': 40, '2.LS.4.1': 40, '2.LS.4.2': 40, '2.LS.4.3': 40, '2.LS.4.4': 40}
  lesson counts: {'2.LS.1.1': 8, '2.LS.1.2': 8, '2.LS.1.3': 8, '2.LS.1.4': 8, '2.LS.2.1': 8, '2.LS.2.2': 8, '2.LS.2.3': 8, '2.LS.2.4': 8, '2.LS.3.1': 8, '2.LS.3.2': 8, '2.LS.3.3': 8, '2.LS.3.4': 8, '2.LS.4.1': 8, '2.LS.4.2': 8, '2.LS.4.3': 8, '2.LS.4.4': 8}
  output files: {'diagnostic_items': 'data/generated/items/grade2_life_skills_en_item_bank.json', 'lessons': 'data/generated/lessons/grade2_life_skills_en_lessons.json', 'assessment_blueprints': 'data/generated/assessment_blueprints/grade2_life_skills_en_blueprints.json', 'study_plan_templates': 'data/generated/study_plans/grade2_life_skills_en_templates.json', 'run_manifest': 'data/generated/run_manifests/grade2_life_skills_en_a80ea1ef-7bf8-4c56-8b4f-efbdfeb14842.json'}
=== SCOPE: grade2_life_skills_en EXIT 0 END Wed Jun  3 20:12:51 UTC 2026 ===
=== SCOPE: grade7_coding_and_robotics_en START Wed Jun  3 20:12:51 UTC 2026 ===
Scope build: grade7_coding_and_robotics_en
  generation_ready: True
  item counts: {'7.CR.1.1': 40, '7.CR.1.2': 40, '7.CR.1.3': 40, '7.CR.1.4': 40, '7.CR.2.1': 40, '7.CR.2.2': 40, '7.CR.2.3': 40, '7.CR.2.4': 40, '7.CR.3.1': 40, '7.CR.3.2': 40, '7.CR.3.3': 40, '7.CR.3.4': 40, '7.CR.4.1': 40, '7.CR.4.2': 40, '7.CR.4.3': 40, '7.CR.4.4': 40}
  lesson counts: {'7.CR.1.1': 8, '7.CR.1.2': 8, '7.CR.1.3': 8, '7.CR.1.4': 8, '7.CR.2.1': 8, '7.CR.2.2': 8, '7.CR.2.3': 8, '7.CR.2.4': 8, '7.CR.3.1': 8, '7.CR.3.2': 8, '7.CR.3.3': 8, '7.CR.3.4': 8, '7.CR.4.1': 8, '7.CR.4.2': 8, '7.CR.4.3': 8, '7.CR.4.4': 8}
  output files: {'diagnostic_items': 'data/generated/items/grade7_coding_and_robotics_en_item_bank.json', 'lessons': 'data/generated/lessons/grade7_coding_and_robotics_en_lessons.json', 'assessment_blueprints': 'data/generated/assessment_blueprints/grade7_coding_and_robotics_en_blueprints.json', 'study_plan_templates': 'data/generated/study_plans/grade7_coding_and_robotics_en_templates.json', 'run_manifest': 'data/generated/run_manifests/grade7_coding_and_robotics_en_ab74ee4b-0c44-4f1a-8fa6-6831f16fdfe3.json'}
=== SCOPE: grade7_coding_and_robotics_en EXIT 0 END Wed Jun  3 20:12:57 UTC 2026 ===
=== SCOPE: grade7_creative_arts_en START Wed Jun  3 20:12:57 UTC 2026 ===
Scope build: grade7_creative_arts_en
  generation_ready: True
  item counts: {'7.CA.1.1': 40, '7.CA.1.2': 40, '7.CA.1.3': 40, '7.CA.1.4': 40, '7.CA.2.1': 40, '7.CA.2.2': 40, '7.CA.2.3': 40, '7.CA.2.4': 40, '7.CA.3.1': 40, '7.CA.3.2': 40, '7.CA.3.3': 40, '7.CA.3.4': 40, '7.CA.4.1': 40, '7.CA.4.2': 40, '7.CA.4.3': 40, '7.CA.4.4': 40}
  lesson counts: {'7.CA.1.1': 8, '7.CA.1.2': 8, '7.CA.1.3': 8, '7.CA.1.4': 8, '7.CA.2.1': 8, '7.CA.2.2': 8, '7.CA.2.3': 8, '7.CA.2.4': 8, '7.CA.3.1': 8, '7.CA.3.2': 8, '7.CA.3.3': 8, '7.CA.3.4': 8, '7.CA.4.1': 8, '7.CA.4.2': 8, '7.CA.4.3': 8, '7.CA.4.4': 8}
  output files: {'diagnostic_items': 'data/generated/items/grade7_creative_arts_en_item_bank.json', 'lessons': 'data/generated/lessons/grade7_creative_arts_en_lessons.json', 'assessment_blueprints': 'data/generated/assessment_blueprints/grade7_creative_arts_en_blueprints.json', 'study_plan_templates': 'data/generated/study_plans/grade7_creative_arts_en_templates.json', 'run_manifest': 'data/generated/run_manifests/grade7_creative_arts_en_dd0176b4-77c4-45cf-9345-6d3930138083.json'}
=== SCOPE: grade7_creative_arts_en EXIT 0 END Wed Jun  3 20:13:00 UTC 2026 ===
=== SCOPE: grade7_economic_management_sciences_en START Wed Jun  3 20:13:00 UTC 2026 ===
Scope build: grade7_economic_management_sciences_en
  generation_ready: True
  item counts: {'7.EMS.1.1': 40, '7.EMS.1.2': 40, '7.EMS.1.3': 40, '7.EMS.1.4': 40, '7.EMS.2.1': 40, '7.EMS.2.2': 40, '7.EMS.2.3': 40, '7.EMS.2.4': 40, '7.EMS.3.1': 40, '7.EMS.3.2': 40, '7.EMS.3.3': 40, '7.EMS.3.4': 40, '7.EMS.4.1': 40, '7.EMS.4.2': 40, '7.EMS.4.3': 40, '7.EMS.4.4': 40}
  lesson counts: {'7.EMS.1.1': 8, '7.EMS.1.2': 8, '7.EMS.1.3': 8, '7.EMS.1.4': 8, '7.EMS.2.1': 8, '7.EMS.2.2': 8, '7.EMS.2.3': 8, '7.EMS.2.4': 8, '7.EMS.3.1': 8, '7.EMS.3.2': 8, '7.EMS.3.3': 8, '7.EMS.3.4': 8, '7.EMS.4.1': 8, '7.EMS.4.2': 8, '7.EMS.4.3': 8, '7.EMS.4.4': 8}
  output files: {'diagnostic_items': 'data/generated/items/grade7_economic_management_sciences_en_item_bank.json', 'lessons': 'data/generated/lessons/grade7_economic_management_sciences_en_lessons.json', 'assessment_blueprints': 'data/generated/assessment_blueprints/grade7_economic_management_sciences_en_blueprints.json', 'study_plan_templates': 'data/generated/study_plans/grade7_economic_management_sciences_en_templates.json', 'run_manifest': 'data/generated/run_manifests/grade7_economic_management_sciences_en_067916d8-8f5c-41e3-b7e6-6ddfc1801ca1.json'}
=== SCOPE: grade7_economic_management_sciences_en EXIT 0 END Wed Jun  3 20:13:03 UTC 2026 ===
=== SCOPE: grade7_home_language_en START Wed Jun  3 20:13:03 UTC 2026 ===
Scope build: grade7_home_language_en
  generation_ready: True
  item counts: {'7.HL.1.1': 40, '7.HL.1.2': 40, '7.HL.1.3': 40, '7.HL.1.4': 40, '7.HL.2.1': 40, '7.HL.2.2': 40, '7.HL.2.3': 40, '7.HL.2.4': 40, '7.HL.3.1': 40, '7.HL.3.2': 40, '7.HL.3.3': 40, '7.HL.3.4': 40, '7.HL.4.1': 40, '7.HL.4.2': 40, '7.HL.4.3': 40, '7.HL.4.4': 40}
  lesson counts: {'7.HL.1.1': 8, '7.HL.1.2': 8, '7.HL.1.3': 8, '7.HL.1.4': 8, '7.HL.2.1': 8, '7.HL.2.2': 8, '7.HL.2.3': 8, '7.HL.2.4': 8, '7.HL.3.1': 8, '7.HL.3.2': 8, '7.HL.3.3': 8, '7.HL.3.4': 8, '7.HL.4.1': 8, '7.HL.4.2': 8, '7.HL.4.3': 8, '7.HL.4.4': 8}
  output files: {'diagnostic_items': 'data/generated/items/grade7_home_language_en_item_bank.json', 'lessons': 'data/generated/lessons/grade7_home_language_en_lessons.json', 'assessment_blueprints': 'data/generated/assessment_blueprints/grade7_home_language_en_blueprints.json', 'study_plan_templates': 'data/generated/study_plans/grade7_home_language_en_templates.json', 'run_manifest': 'data/generated/run_manifests/grade7_home_language_en_3b8662c5-aa8a-487d-87ff-b7b1d7d394e2.json'}
=== SCOPE: grade7_home_language_en EXIT 0 END Wed Jun  3 20:13:06 UTC 2026 ===
=== SCOPE: grade7_life_orientation_en START Wed Jun  3 20:13:06 UTC 2026 ===
Scope build: grade7_life_orientation_en
  generation_ready: True
  item counts: {'7.LO.1.1': 40, '7.LO.1.2': 40, '7.LO.1.3': 40, '7.LO.1.4': 40, '7.LO.2.1': 40, '7.LO.2.2': 40, '7.LO.2.3': 40, '7.LO.2.4': 40, '7.LO.3.1': 40, '7.LO.3.2': 40, '7.LO.3.3': 40, '7.LO.3.4': 40, '7.LO.4.1': 40, '7.LO.4.2': 40, '7.LO.4.3': 40, '7.LO.4.4': 40}
  lesson counts: {'7.LO.1.1': 8, '7.LO.1.2': 8, '7.LO.1.3': 8, '7.LO.1.4': 8, '7.LO.2.1': 8, '7.LO.2.2': 8, '7.LO.2.3': 8, '7.LO.2.4': 8, '7.LO.3.1': 8, '7.LO.3.2': 8, '7.LO.3.3': 8, '7.LO.3.4': 8, '7.LO.4.1': 8, '7.LO.4.2': 8, '7.LO.4.3': 8, '7.LO.4.4': 8}
  output files: {'diagnostic_items': 'data/generated/items/grade7_life_orientation_en_item_bank.json', 'lessons': 'data/generated/lessons/grade7_life_orientation_en_lessons.json', 'assessment_blueprints': 'data/generated/assessment_blueprints/grade7_life_orientation_en_blueprints.json', 'study_plan_templates': 'data/generated/study_plans/grade7_life_orientation_en_templates.json', 'run_manifest': 'data/generated/run_manifests/grade7_life_orientation_en_b6770202-4048-483f-b726-1564d2b50ce2.json'}
=== SCOPE: grade7_life_orientation_en EXIT 0 END Wed Jun  3 20:13:09 UTC 2026 ===
=== SCOPE: grade7_mathematics_en START Wed Jun  3 20:13:09 UTC 2026 ===
Scope build: grade7_mathematics_en
  generation_ready: True
  item counts: {'7.M.1.1': 40, '7.M.1.2': 40, '7.M.1.3': 40, '7.M.1.4': 40, '7.M.2.1': 40, '7.M.2.2': 40, '7.M.2.3': 40, '7.M.2.4': 40, '7.M.3.1': 40, '7.M.3.2': 40, '7.M.3.3': 40, '7.M.3.4': 40, '7.M.4.1': 40, '7.M.4.2': 40, '7.M.4.3': 40, '7.M.4.4': 40}
  lesson counts: {'7.M.1.1': 8, '7.M.1.2': 8, '7.M.1.3': 8, '7.M.1.4': 8, '7.M.2.1': 8, '7.M.2.2': 8, '7.M.2.3': 8, '7.M.2.4': 8, '7.M.3.1': 8, '7.M.3.2': 8, '7.M.3.3': 8, '7.M.3.4': 8, '7.M.4.1': 8, '7.M.4.2': 8, '7.M.4.3': 8, '7.M.4.4': 8}
  output files: {'diagnostic_items': 'data/generated/items/grade7_mathematics_en_item_bank.json', 'lessons': 'data/generated/lessons/grade7_mathematics_en_lessons.json', 'assessment_blueprints': 'data/generated/assessment_blueprints/grade7_mathematics_en_blueprints.json', 'study_plan_templates': 'data/generated/study_plans/grade7_mathematics_en_templates.json', 'run_manifest': 'data/generated/run_manifests/grade7_mathematics_en_d308b87c-dfac-4706-b381-22fa41fb7938.json'}
=== SCOPE: grade7_mathematics_en EXIT 0 END Wed Jun  3 20:13:13 UTC 2026 ===
=== SCOPE: grade7_natural_sciences_en START Wed Jun  3 20:13:13 UTC 2026 ===
Scope build: grade7_natural_sciences_en
  generation_ready: True
  item counts: {'7.NS.1.1': 40, '7.NS.1.2': 40, '7.NS.1.3': 40, '7.NS.1.4': 40, '7.NS.2.1': 40, '7.NS.2.2': 40, '7.NS.2.3': 40, '7.NS.2.4': 40, '7.NS.3.1': 40, '7.NS.3.2': 40, '7.NS.3.3': 40, '7.NS.3.4': 40, '7.NS.4.1': 40, '7.NS.4.2': 40, '7.NS.4.3': 40, '7.NS.4.4': 40}
  lesson counts: {'7.NS.1.1': 8, '7.NS.1.2': 8, '7.NS.1.3': 8, '7.NS.1.4': 8, '7.NS.2.1': 8, '7.NS.2.2': 8, '7.NS.2.3': 8, '7.NS.2.4': 8, '7.NS.3.1': 8, '7.NS.3.2': 8, '7.NS.3.3': 8, '7.NS.3.4': 8, '7.NS.4.1': 8, '7.NS.4.2': 8, '7.NS.4.3': 8, '7.NS.4.4': 8}
  output files: {'diagnostic_items': 'data/generated/items/grade7_natural_sciences_en_item_bank.json', 'lessons': 'data/generated/lessons/grade7_natural_sciences_en_lessons.json', 'assessment_blueprints': 'data/generated/assessment_blueprints/grade7_natural_sciences_en_blueprints.json', 'study_plan_templates': 'data/generated/study_plans/grade7_natural_sciences_en_templates.json', 'run_manifest': 'data/generated/run_manifests/grade7_natural_sciences_en_412e859d-3dc5-4b87-9945-7211b342f7d6.json'}
=== SCOPE: grade7_natural_sciences_en EXIT 0 END Wed Jun  3 20:13:17 UTC 2026 ===
=== SCOPE: grade7_sepedi_first_additional_language_en START Wed Jun  3 20:13:17 UTC 2026 ===
Scope build: grade7_sepedi_first_additional_language_en
  generation_ready: True
  item counts: {'7.FAL.1.1': 40, '7.FAL.1.2': 40, '7.FAL.1.3': 40, '7.FAL.1.4': 40, '7.FAL.2.1': 40, '7.FAL.2.2': 40, '7.FAL.2.3': 40, '7.FAL.2.4': 40, '7.FAL.3.1': 40, '7.FAL.3.2': 40, '7.FAL.3.3': 40, '7.FAL.3.4': 40, '7.FAL.4.1': 40, '7.FAL.4.2': 40, '7.FAL.4.3': 40, '7.FAL.4.4': 40}
  lesson counts: {'7.FAL.1.1': 8, '7.FAL.1.2': 8, '7.FAL.1.3': 8, '7.FAL.1.4': 8, '7.FAL.2.1': 8, '7.FAL.2.2': 8, '7.FAL.2.3': 8, '7.FAL.2.4': 8, '7.FAL.3.1': 8, '7.FAL.3.2': 8, '7.FAL.3.3': 8, '7.FAL.3.4': 8, '7.FAL.4.1': 8, '7.FAL.4.2': 8, '7.FAL.4.3': 8, '7.FAL.4.4': 8}
  output files: {'diagnostic_items': 'data/generated/items/grade7_sepedi_first_additional_language_en_item_bank.json', 'lessons': 'data/generated/lessons/grade7_sepedi_first_additional_language_en_lessons.json', 'assessment_blueprints': 'data/generated/assessment_blueprints/grade7_sepedi_first_additional_language_en_blueprints.json', 'study_plan_templates': 'data/generated/study_plans/grade7_sepedi_first_additional_language_en_templates.json', 'run_manifest': 'data/generated/run_manifests/grade7_sepedi_first_additional_language_en_697f31e3-13a2-4bbd-ba67-cd37c8c024f6.json'}
=== SCOPE: grade7_sepedi_first_additional_language_en EXIT 0 END Wed Jun  3 20:13:23 UTC 2026 ===
=== SCOPE: grade7_social_sciences_en START Wed Jun  3 20:13:23 UTC 2026 ===
Scope build: grade7_social_sciences_en
  generation_ready: True
  item counts: {'7.SS.1.1': 40, '7.SS.1.2': 40, '7.SS.1.3': 40, '7.SS.1.4': 40, '7.SS.2.1': 40, '7.SS.2.2': 40, '7.SS.2.3': 40, '7.SS.2.4': 40, '7.SS.3.1': 40, '7.SS.3.2': 40, '7.SS.3.3': 40, '7.SS.3.4': 40, '7.SS.4.1': 40, '7.SS.4.2': 40, '7.SS.4.3': 40, '7.SS.4.4': 40}
  lesson counts: {'7.SS.1.1': 8, '7.SS.1.2': 8, '7.SS.1.3': 8, '7.SS.1.4': 8, '7.SS.2.1': 8, '7.SS.2.2': 8, '7.SS.2.3': 8, '7.SS.2.4': 8, '7.SS.3.1': 8, '7.SS.3.2': 8, '7.SS.3.3': 8, '7.SS.3.4': 8, '7.SS.4.1': 8, '7.SS.4.2': 8, '7.SS.4.3': 8, '7.SS.4.4': 8}
  output files: {'diagnostic_items': 'data/generated/items/grade7_social_sciences_en_item_bank.json', 'lessons': 'data/generated/lessons/grade7_social_sciences_en_lessons.json', 'assessment_blueprints': 'data/generated/assessment_blueprints/grade7_social_sciences_en_blueprints.json', 'study_plan_templates': 'data/generated/study_plans/grade7_social_sciences_en_templates.json', 'run_manifest': 'data/generated/run_manifests/grade7_social_sciences_en_19420951-51bc-4600-a120-0dac8da3ec6e.json'}
=== SCOPE: grade7_social_sciences_en EXIT 0 END Wed Jun  3 20:13:25 UTC 2026 ===
=== SCOPE: grade7_technology_en START Wed Jun  3 20:13:25 UTC 2026 ===
Scope build: grade7_technology_en
  generation_ready: True
  item counts: {'7.TECH.1.1': 40, '7.TECH.1.2': 40, '7.TECH.1.3': 40, '7.TECH.1.4': 40, '7.TECH.2.1': 40, '7.TECH.2.2': 40, '7.TECH.2.3': 40, '7.TECH.2.4': 40, '7.TECH.3.1': 40, '7.TECH.3.2': 40, '7.TECH.3.3': 40, '7.TECH.3.4': 40, '7.TECH.4.1': 40, '7.TECH.4.2': 40, '7.TECH.4.3': 40, '7.TECH.4.4': 40}
  lesson counts: {'7.TECH.1.1': 8, '7.TECH.1.2': 8, '7.TECH.1.3': 8, '7.TECH.1.4': 8, '7.TECH.2.1': 8, '7.TECH.2.2': 8, '7.TECH.2.3': 8, '7.TECH.2.4': 8, '7.TECH.3.1': 8, '7.TECH.3.2': 8, '7.TECH.3.3': 8, '7.TECH.3.4': 8, '7.TECH.4.1': 8, '7.TECH.4.2': 8, '7.TECH.4.3': 8, '7.TECH.4.4': 8}
  output files: {'diagnostic_items': 'data/generated/items/grade7_technology_en_item_bank.json', 'lessons': 'data/generated/lessons/grade7_technology_en_lessons.json', 'assessment_blueprints': 'data/generated/assessment_blueprints/grade7_technology_en_blueprints.json', 'study_plan_templates': 'data/generated/study_plans/grade7_technology_en_templates.json', 'run_manifest': 'data/generated/run_manifests/grade7_technology_en_33e4906b-efea-4f49-9272-b7f1bb1c3967.json'}
=== SCOPE: grade7_technology_en EXIT 0 END Wed Jun  3 20:13:29 UTC 2026 ===
=== SCOPE: grader_mathematics_en START Wed Jun  3 20:13:29 UTC 2026 ===
Scope build: grader_mathematics_en
  generation_ready: True
  item counts: {'R.M.1.1': 40, 'R.M.1.2': 40, 'R.M.1.3': 40, 'R.M.1.4': 40, 'R.M.2.1': 40, 'R.M.2.2': 40, 'R.M.2.3': 40, 'R.M.2.4': 40, 'R.M.3.1': 40, 'R.M.3.2': 40, 'R.M.3.3': 40, 'R.M.3.4': 40, 'R.M.4.1': 40, 'R.M.4.2': 40, 'R.M.4.3': 40, 'R.M.4.4': 40}
  lesson counts: {'R.M.1.1': 8, 'R.M.1.2': 8, 'R.M.1.3': 8, 'R.M.1.4': 8, 'R.M.2.1': 8, 'R.M.2.2': 8, 'R.M.2.3': 8, 'R.M.2.4': 8, 'R.M.3.1': 8, 'R.M.3.2': 8, 'R.M.3.3': 8, 'R.M.3.4': 8, 'R.M.4.1': 8, 'R.M.4.2': 8, 'R.M.4.3': 8, 'R.M.4.4': 8}
  output files: {'diagnostic_items': 'data/generated/items/grader_mathematics_en_item_bank.json', 'lessons': 'data/generated/lessons/grader_mathematics_en_lessons.json', 'assessment_blueprints': 'data/generated/assessment_blueprints/grader_mathematics_en_blueprints.json', 'study_plan_templates': 'data/generated/study_plans/grader_mathematics_en_templates.json', 'run_manifest': 'data/generated/run_manifests/grader_mathematics_en_edb0dc68-bd97-4f52-a85d-29fa6bfc4d08.json'}
=== SCOPE: grader_mathematics_en EXIT 0 END Wed Jun  3 20:13:35 UTC 2026 ===
Summary of scope exits:
grade1_life_skills_en 0
grade2_life_skills_en 0
grade7_coding_and_robotics_en 0
grade7_creative_arts_en 0
grade7_economic_management_sciences_en 0
grade7_home_language_en 0
grade7_life_orientation_en 0
grade7_mathematics_en 0
grade7_natural_sciences_en 0
grade7_sepedi_first_additional_language_en 0
grade7_social_sciences_en 0
grade7_technology_en 0
grader_mathematics_en 0
