Started 2026-06-03T19:37:32+00:00
[1/51] Building grade1_coding_and_robotics_en ...
  OK grade1_coding_and_robotics_en
[2/51] Building grade1_home_language_en ...
  OK grade1_home_language_en
[3/51] Building grade1_life_skills_en ...
  FAIL grade1_life_skills_en
[4/51] Building grade1_mathematics_en ...
  OK grade1_mathematics_en
[5/51] Building grade1_sepedi_first_additional_language_en ...
  OK grade1_sepedi_first_additional_language_en
[6/51] Building grade2_coding_and_robotics_en ...
  OK grade2_coding_and_robotics_en
[7/51] Building grade2_home_language_en ...
  OK grade2_home_language_en
[8/51] Building grade2_life_skills_en ...
  FAIL grade2_life_skills_en
[9/51] Building grade2_mathematics_en ...
  OK grade2_mathematics_en
[10/51] Building grade2_sepedi_first_additional_language_en ...
  OK grade2_sepedi_first_additional_language_en
[11/51] Building grade3_coding_and_robotics_en ...
  OK grade3_coding_and_robotics_en
[12/51] Building grade3_home_language_en ...
  OK grade3_home_language_en
[13/51] Building grade3_life_skills_en ...
  OK grade3_life_skills_en
[14/51] Building grade3_mathematics_en ...
  OK grade3_mathematics_en
[15/51] Building grade3_sepedi_first_additional_language_en ...
  OK grade3_sepedi_first_additional_language_en
[16/51] Building grade4_coding_and_robotics_en ...
  OK grade4_coding_and_robotics_en
[17/51] Building grade4_home_language_en ...
  OK grade4_home_language_en
[18/51] Building grade4_life_skills_en ...
  OK grade4_life_skills_en
[19/51] Building grade4_mathematics_en ...
  OK grade4_mathematics_en
[20/51] Building grade4_natural_sciences_and_technology_en ...
  OK grade4_natural_sciences_and_technology_en
[21/51] Building grade4_sepedi_first_additional_language_en ...
  OK grade4_sepedi_first_additional_language_en
[22/51] Building grade4_social_sciences_en ...
  OK grade4_social_sciences_en
[23/51] Building grade5_coding_and_robotics_en ...
  OK grade5_coding_and_robotics_en
[24/51] Building grade5_home_language_en ...
  OK grade5_home_language_en
[25/51] Building grade5_life_skills_en ...
  OK grade5_life_skills_en
[26/51] Building grade5_mathematics_en ...
  OK grade5_mathematics_en
[27/51] Building grade5_natural_sciences_and_technology_en ...
  OK grade5_natural_sciences_and_technology_en
[28/51] Building grade5_sepedi_first_additional_language_en ...
  OK grade5_sepedi_first_additional_language_en
[29/51] Building grade5_social_sciences_en ...
  OK grade5_social_sciences_en
[30/51] Building grade6_coding_and_robotics_en ...
  OK grade6_coding_and_robotics_en
[31/51] Building grade6_home_language_en ...
  OK grade6_home_language_en
[32/51] Building grade6_life_skills_en ...
  OK grade6_life_skills_en
[33/51] Building grade6_mathematics_en ...
  OK grade6_mathematics_en
[34/51] Building grade6_natural_sciences_and_technology_en ...
  OK grade6_natural_sciences_and_technology_en
[35/51] Building grade6_sepedi_first_additional_language_en ...
  OK grade6_sepedi_first_additional_language_en
[36/51] Building grade6_social_sciences_en ...
  OK grade6_social_sciences_en
[37/51] Building grade7_coding_and_robotics_en ...
  FAIL grade7_coding_and_robotics_en
[38/51] Building grade7_creative_arts_en ...
  FAIL grade7_creative_arts_en
[39/51] Building grade7_economic_management_sciences_en ...
  FAIL grade7_economic_management_sciences_en
[40/51] Building grade7_home_language_en ...
  FAIL grade7_home_language_en
[41/51] Building grade7_life_orientation_en ...
  FAIL grade7_life_orientation_en
[42/51] Building grade7_mathematics_en ...
  FAIL grade7_mathematics_en
[43/51] Building grade7_natural_sciences_en ...
  FAIL grade7_natural_sciences_en
[44/51] Building grade7_sepedi_first_additional_language_en ...
  FAIL grade7_sepedi_first_additional_language_en
[45/51] Building grade7_social_sciences_en ...
  FAIL grade7_social_sciences_en
[46/51] Building grade7_technology_en ...
  FAIL grade7_technology_en
[47/51] Building grader_coding_and_robotics_en ...
  OK grader_coding_and_robotics_en
[48/51] Building grader_home_language_en ...
  OK grader_home_language_en
[49/51] Building grader_life_skills_en ...
  OK grader_life_skills_en
[50/51] Building grader_mathematics_en ...
  FAIL grader_mathematics_en
[51/51] Building grader_sepedi_first_additional_language_en ...
  OK grader_sepedi_first_additional_language_en
Finished 2026-06-03T19:41:44+00:00 OK=38 FAIL=13
Failed scopes: grade1_life_skills_en grade2_life_skills_en grade7_coding_and_robotics_en grade7_creative_arts_en grade7_economic_management_sciences_en grade7_home_language_en grade7_life_orientation_en grade7_mathematics_en grade7_natural_sciences_en grade7_sepedi_first_additional_language_en grade7_social_sciences_en grade7_technology_en grader_mathematics_en
LOG=logs/scope_rebuild_20260603_193732.log
